<?xml version="1.0" encoding="UTF-8"?>
<coverage generated="1667652464127" clover="3.2.0">
  <project timestamp="1667652464128" name="All files">
    <metrics statements="30" coveredstatements="30" conditionals="0" coveredconditionals="0" methods="4" coveredmethods="4" elements="34" coveredelements="34" complexity="0" loc="30" ncloc="30" packages="1" files="1" classes="1"/>
    <file name="index.js" path="/Users/mhorojanski/test/crawlers/src/crawlers/pastebin/module/index.js">
      <metrics statements="30" coveredstatements="30" conditionals="0" coveredconditionals="0" methods="4" coveredmethods="4"/>
      <line num="3" count="1" type="stmt"/>
      <line num="4" count="1" type="stmt"/>
      <line num="6" count="1" type="stmt"/>
      <line num="7" count="1" type="stmt"/>
      <line num="8" count="1" type="stmt"/>
      <line num="9" count="1" type="stmt"/>
      <line num="10" count="1" type="stmt"/>
      <line num="11" count="1" type="stmt"/>
      <line num="14" count="2" type="stmt"/>
      <line num="15" count="2" type="stmt"/>
      <line num="16" count="2" type="stmt"/>
      <line num="17" count="2" type="stmt"/>
      <line num="19" count="2" type="stmt"/>
      <line num="20" count="2" type="stmt"/>
      <line num="21" count="2" type="stmt"/>
      <line num="22" count="2" type="stmt"/>
      <line num="23" count="2" type="stmt"/>
      <line num="24" count="6" type="stmt"/>
      <line num="25" count="2" type="stmt"/>
      <line num="26" count="2" type="stmt"/>
      <line num="27" count="2" type="stmt"/>
      <line num="28" count="2" type="stmt"/>
      <line num="29" count="2" type="stmt"/>
      <line num="32" count="2" type="stmt"/>
      <line num="36" count="2" type="stmt"/>
      <line num="37" count="2" type="stmt"/>
      <line num="38" count="2" type="stmt"/>
      <line num="39" count="2" type="stmt"/>
      <line num="43" count="4" type="stmt"/>
      <line num="49" count="1" type="stmt"/>
    </file>
  </project>
</coverage>
