{"/Users/mhorojanski/test/crawlers/src/crawlers/pastebin/module/index.js": {"path":"/Users/mhorojanski/test/crawlers/src/crawlers/pastebin/module/index.js","statementMap":{"0":{"start":{"line":3,"column":17},"end":{"line":3,"column":35}},"1":{"start":{"line":4,"column":15},"end":{"line":4,"column":32}},"2":{"start":{"line":6,"column":16},"end":{"line":6,"column":25}},"3":{"start":{"line":7,"column":0},"end":{"line":7,"column":30}},"4":{"start":{"line":8,"column":0},"end":{"line":8,"column":29}},"5":{"start":{"line":9,"column":0},"end":{"line":9,"column":30}},"6":{"start":{"line":10,"column":0},"end":{"line":10,"column":27}},"7":{"start":{"line":11,"column":0},"end":{"line":11,"column":28}},"8":{"start":{"line":14,"column":12},"end":{"line":14,"column":22}},"9":{"start":{"line":15,"column":16},"end":{"line":15,"column":38}},"10":{"start":{"line":16,"column":17},"end":{"line":16,"column":19}},"11":{"start":{"line":17,"column":17},"end":{"line":17,"column":29}},"12":{"start":{"line":19,"column":2},"end":{"line":30,"column":3}},"13":{"start":{"line":19,"column":15},"end":{"line":19,"column":16}},"14":{"start":{"line":20,"column":14},"end":{"line":20,"column":35}},"15":{"start":{"line":21,"column":15},"end":{"line":21,"column":42}},"16":{"start":{"line":22,"column":18},"end":{"line":22,"column":26}},"17":{"start":{"line":23,"column":24},"end":{"line":23,"column":59}},"18":{"start":{"line":24,"column":20},"end":{"line":24,"column":63}},"19":{"start":{"line":24,"column":54},"end":{"line":24,"column":62}},"20":{"start":{"line":25,"column":17},"end":{"line":25,"column":27}},"21":{"start":{"line":26,"column":22},"end":{"line":26,"column":43}},"22":{"start":{"line":27,"column":17},"end":{"line":27,"column":93}},"23":{"start":{"line":28,"column":17},"end":{"line":28,"column":27}},"24":{"start":{"line":29,"column":4},"end":{"line":29,"column":49}},"25":{"start":{"line":32,"column":2},"end":{"line":32,"column":16}},"26":{"start":{"line":36,"column":12},"end":{"line":36,"column":22}},"27":{"start":{"line":37,"column":17},"end":{"line":37,"column":47}},"28":{"start":{"line":38,"column":17},"end":{"line":38,"column":61}},"29":{"start":{"line":39,"column":2},"end":{"line":39,"column":28}},"30":{"start":{"line":43,"column":2},"end":{"line":46,"column":4}},"31":{"start":{"line":49,"column":0},"end":{"line":49,"column":22}}},"fnMap":{"0":{"name":"pastes","decl":{"start":{"line":13,"column":9},"end":{"line":13,"column":15}},"loc":{"start":{"line":13,"column":22},"end":{"line":33,"column":1}},"line":13},"1":{"name":"(anonymous_1)","decl":{"start":{"line":24,"column":47},"end":{"line":24,"column":48}},"loc":{"start":{"line":24,"column":54},"end":{"line":24,"column":62}},"line":24},"2":{"name":"past","decl":{"start":{"line":35,"column":9},"end":{"line":35,"column":13}},"loc":{"start":{"line":35,"column":20},"end":{"line":40,"column":1}},"line":35},"3":{"name":"init","decl":{"start":{"line":42,"column":9},"end":{"line":42,"column":13}},"loc":{"start":{"line":42,"column":16},"end":{"line":47,"column":1}},"line":42}},"branchMap":{},"s":{"0":1,"1":1,"2":1,"3":1,"4":1,"5":1,"6":1,"7":1,"8":2,"9":2,"10":2,"11":2,"12":2,"13":2,"14":2,"15":2,"16":2,"17":2,"18":2,"19":6,"20":2,"21":2,"22":2,"23":2,"24":2,"25":2,"26":2,"27":2,"28":2,"29":2,"30":4,"31":1},"f":{"0":2,"1":6,"2":2,"3":4},"b":{},"_coverageSchema":"1a1c01bbd47fc00a2c39e90264f33305004495a9","hash":"2243a1c987ca418b5511cdfa5854c11971106797"}
}
